<?xml version="1.0" encoding="UTF-8" ?>
<testsuites>
  <testsuite errors="0" failures="0" hostname="INthejasb.local" id="0" name="LineTest" package="com.thoughtworks.geometry" skipped="0" tests="13" time="0.303" timestamp="2015-09-06T05:37:44">
      <properties>
[...]
</properties>

      <testcase classname="com.thoughtworks.geometry.LineTest" name="shouldBeEqualIfStartingAndEndingPointsOfLinesAreSame" time="0.2" />

      <testcase classname="com.thoughtworks.geometry.LineTest" name="shouldNotBeEqualIfEndingPointsOFLinesAreDifferent" time="0.0" />

      <testcase classname="com.thoughtworks.geometry.LineTest" name="shouldBeEqualToItself" time="0.0" />

      <testcase classname="com.thoughtworks.geometry.LineTest" name="lineWithNegativeIndex" time="0.0" />

      <testcase classname="com.thoughtworks.geometry.LineTest" name="lineWithStartingIndex12AndEndingIndex35" time="0.0" />

      <testcase classname="com.thoughtworks.geometry.LineTest" name="shouldBeEqualIfStaringAndEndingPointsOfTwoLinesAreInterchangedAndAreSame" time="0.0" />

      <testcase classname="com.thoughtworks.geometry.LineTest" name="shouldNotBeEqualToNull" time="0.0" />

      <testcase classname="com.thoughtworks.geometry.LineTest" name="hashcodeShouldNotBeEqualForDifferentLineObjects" time="0.0" />

      <testcase classname="com.thoughtworks.geometry.LineTest" name="shouldNotBeEqualToSomethingThatIsNotALine" time="0.0" />

      <testcase classname="com.thoughtworks.geometry.LineTest" name="shouldNotBeEqualIfStartingPointsOfLinesAreDifferent" time="0.0" />

      <testcase classname="com.thoughtworks.geometry.LineTest" name="lineWithStartingIndex00AndEndingIndex00" time="0.0" />

      <testcase classname="com.thoughtworks.geometry.LineTest" name="lineWithStartingIndex00AndEndingIndex01" time="0.0" />

      <testcase classname="com.thoughtworks.geometry.LineTest" name="hashcodeShouldBeEqualForTheSameLineObject" time="0.0" />

      <system-out><![CDATA[11:07:44,432 |-INFO in ch.qos.logback.classic.LoggerContext[default] - Could NOT find resource [logback.groovy]
11:07:44,432 |-INFO in ch.qos.logback.classic.LoggerContext[default] - Could NOT find resource [logback-test.xml]
11:07:44,432 |-INFO in ch.qos.logback.classic.LoggerContext[default] - Found resource [logback.xml] at [jar:file:/Users/thejasb/IdeaProjects/geomtry/lib/cobertura-2.1.1/cobertura-2.1.1-sources.jar!/logback.xml]
11:07:44,433 |-WARN in ch.qos.logback.classic.LoggerContext[default] - Resource [logback.xml] occurs multiple times on the classpath.
11:07:44,433 |-WARN in ch.qos.logback.classic.LoggerContext[default] - Resource [logback.xml] occurs at [jar:file:/Users/thejasb/IdeaProjects/geomtry/lib/cobertura-2.1.1/cobertura-2.1.1-sources.jar!/logback.xml]
11:07:44,433 |-WARN in ch.qos.logback.classic.LoggerContext[default] - Resource [logback.xml] occurs at [jar:file:/Users/thejasb/IdeaProjects/geomtry/lib/cobertura-2.1.1/cobertura-2.1.1.jar!/logback.xml]
11:07:44,457 |-INFO in ch.qos.logback.core.joran.spi.ConfigurationWatchList@4ea2b99f - URL [jar:file:/Users/thejasb/IdeaProjects/geomtry/lib/cobertura-2.1.1/cobertura-2.1.1-sources.jar!/logback.xml] is not of type file
11:07:44,500 |-INFO in ch.qos.logback.classic.joran.action.ConfigurationAction - debug attribute not set
11:07:44,501 |-INFO in ch.qos.logback.core.joran.action.AppenderAction - About to instantiate appender of type [ch.qos.logback.core.ConsoleAppender]
11:07:44,512 |-INFO in ch.qos.logback.core.joran.action.AppenderAction - Naming appender as [STDOUT]
11:07:44,535 |-INFO in ch.qos.logback.core.joran.action.NestedComplexPropertyIA - Assuming default type [ch.qos.logback.classic.encoder.PatternLayoutEncoder] for [encoder] property
11:07:44,580 |-INFO in ch.qos.logback.classic.joran.action.LoggerAction - Setting level of logger [net.sourceforge.cobertura] to INFO
11:07:44,580 |-INFO in ch.qos.logback.classic.joran.action.RootLoggerAction - Setting level of ROOT logger to DEBUG
11:07:44,580 |-INFO in ch.qos.logback.core.joran.action.AppenderRefAction - Attaching appender named [STDOUT] to Logger[ROOT]
11:07:44,581 |-INFO in ch.qos.logback.classic.joran.action.ConfigurationAction - End of configuration.
11:07:44,582 |-INFO in ch.qos.logback.classic.joran.JoranConfigurator@1d489e0e - Registering current configuration as safe fallback point

]]></system-out>

      <system-err><![CDATA[]]></system-err>

  </testsuite>
  <testsuite errors="0" failures="0" hostname="INthejasb.local" id="1" name="PointTest" package="com.thoughtworks.geometry" skipped="0" tests="10" time="0.03" timestamp="2015-09-06T05:37:44">
      <properties>
[...]
</properties>

      <testcase classname="com.thoughtworks.geometry.PointTest" name="shouldNotBeEqualIfYCoordinatesOfPointsAreDifferent" time="0.0" />

      <testcase classname="com.thoughtworks.geometry.PointTest" name="isNotEqualToNull" time="0.001" />

      <testcase classname="com.thoughtworks.geometry.PointTest" name="isEqualToItself" time="0.0" />

      <testcase classname="com.thoughtworks.geometry.PointTest" name="hashcodeShouldBeEqualForSamePointObject" time="0.0" />

      <testcase classname="com.thoughtworks.geometry.PointTest" name="hashcodeShouldBeDifferentForDifferentPointObject" time="0.0" />

      <testcase classname="com.thoughtworks.geometry.PointTest" name="shouldBeEqualIfXAndYCoordinatesOfPointsAreTheSame" time="0.0" />

      <testcase classname="com.thoughtworks.geometry.PointTest" name="distanceOfAPointZeroZeroFromAnotherPointZeroOneShouldReturnOneAsTheDistance" time="0.0" />

      <testcase classname="com.thoughtworks.geometry.PointTest" name="shouldNotBeEqualIfXCoordinatesOfPointsAreDifferent" time="0.001" />

      <testcase classname="com.thoughtworks.geometry.PointTest" name="isNotEqualToSomethingWhichIsNotAPoint" time="0.0" />

      <testcase classname="com.thoughtworks.geometry.PointTest" name="distanceFromSamePointShouldBeZero" time="0.0" />

      <system-out><![CDATA[]]></system-out>

      <system-err><![CDATA[]]></system-err>

  </testsuite>
</testsuites>
